<?xml version="1.0" encoding="UTF-8"?>
<!-- Generated by org.testng.reporters.JUnitXMLReporter -->
<testsuite ignored="0" hostname="24cp191" failures="0" tests="7" name="My tests" time="29.319" errors="0" timestamp="2026-01-25T20:30:56 IST">
  <testcase classname="day42.OrangeHRMTest" name="openapp" time="20.322"/>
  <testcase classname="day42.OrangeHRMTest" name="testLogo" time="3.066"/>
  <testcase classname="day42.OrangeHRMTest" name="login" time="5.744"/>
  <testcase classname="day42.OrangeHRMTest" name="close" time="0.136"/>
  <testcase classname="day42.FirstTestCase" name="openapp" time="0.001"/>
  <testcase classname="day42.FirstTestCase" name="login" time="0.001"/>
  <testcase classname="day42.FirstTestCase" name="logout" time="0.0"/>
</testsuite> <!-- My tests -->
