<?xml version="1.0" encoding="UTF-8"?>
<!-- Generated by org.testng.reporters.JUnitReportReporter -->
<testsuite hostname="24cp191" failures="0" tests="3" name="day44.LoginTest" time="0.008" errors="0" timestamp="2026-01-31T13:06:13 IST" skipped="0">
  <testcase classname="day44.LoginTest" name="loginByEmail" time="0.006"/>
  <testcase classname="day44.LoginTest" name="loginByFacebook" time="0.001"/>
  <testcase classname="day44.LoginTest" name="loginByTwitter" time="0.001"/>
</testsuite> <!-- day44.LoginTest -->
