<?xml version="1.0" encoding="UTF-8"?>
<!-- Generated by org.testng.reporters.JUnitReportReporter -->
<testsuite hostname="24cp191" failures="0" tests="3" name="day42.FirstTestCase" time="0.002" errors="0" timestamp="2026-01-25T20:30:56 IST" skipped="0">
  <testcase classname="day42.FirstTestCase" name="openapp" time="0.001"/>
  <testcase classname="day42.FirstTestCase" name="login" time="0.001"/>
  <testcase classname="day42.FirstTestCase" name="logout" time="0.000"/>
</testsuite> <!-- day42.FirstTestCase -->
