<?xml version="1.0" encoding="UTF-8"?>
<!-- Generated by org.testng.reporters.JUnitReportReporter -->
<testsuite hostname="24cp191" failures="0" tests="6" name="day45.ParanTest" time="0.149" errors="0" timestamp="2026-02-01T09:55:29 IST" skipped="0">
  <testcase classname="day45.ParanTest" name="testLogo" time="0.053"/>
  <testcase classname="day45.ParanTest" name="testLogo" time="0.059"/>
  <testcase classname="day45.ParanTest" name="testTitle" time="0.011"/>
  <testcase classname="day45.ParanTest" name="testTitle" time="0.005"/>
  <testcase classname="day45.ParanTest" name="testURL" time="0.014"/>
  <testcase classname="day45.ParanTest" name="testURL" time="0.007"/>
</testsuite> <!-- day45.ParanTest -->
