<?xml version="1.0" encoding="UTF-8"?>
<!-- Generated by org.testng.reporters.JUnitReportReporter -->
<testsuite hostname="24cp191" failures="0" tests="3" name="day44.SignUpTests" time="0.006" errors="0" timestamp="2026-01-31T13:00:43 IST" skipped="0">
  <testcase classname="day44.SignUpTests" name="signupByEmail" time="0.004"/>
  <testcase classname="day44.SignUpTests" name="signupByfacebook" time="0.001"/>
  <testcase classname="day44.SignUpTests" name="signupByTwitter" time="0.001"/>
</testsuite> <!-- day44.SignUpTests -->
