<?xml version="1.0" encoding="UTF-8"?>
<!-- Generated by org.testng.reporters.JUnitReportReporter -->
<testsuite hostname="24cp191" failures="0" tests="4" name="day42.OrangeHRMTest" time="29.268" errors="0" timestamp="2026-01-25T20:30:56 IST" skipped="0">
  <testcase classname="day42.OrangeHRMTest" name="openapp" time="20.322"/>
  <testcase classname="day42.OrangeHRMTest" name="testLogo" time="3.066"/>
  <testcase classname="day42.OrangeHRMTest" name="login" time="5.744"/>
  <testcase classname="day42.OrangeHRMTest" name="close" time="0.136"/>
</testsuite> <!-- day42.OrangeHRMTest -->
