<?xml version="1.0" encoding="UTF-8"?>
<!-- Generated by org.testng.reporters.JUnitXMLReporter -->
<testsuite ignored="5" hostname="24cp191" failures="0" tests="3" name="groupingtests" time="0.04" errors="0" timestamp="2026-01-31T13:06:13 IST">
  <testcase classname="day44.LoginTest" name="loginByEmail" time="0.006"/>
  <testcase classname="day44.LoginTest" name="loginByFacebook" time="0.001"/>
  <testcase classname="day44.LoginTest" name="loginByTwitter" time="0.001"/>
  <testcase classname="day44.PaymentTests" name="paymentinRupees" time="0.0">
    <ignored/>
  </testcase> <!-- paymentinRupees -->
  <testcase classname="day44.PaymentTests" name="paymentinDollars" time="0.0">
    <ignored/>
  </testcase> <!-- paymentinDollars -->
  <testcase classname="day44.SignUpTests" name="signupByEmail" time="0.0">
    <ignored/>
  </testcase> <!-- signupByEmail -->
  <testcase classname="day44.SignUpTests" name="signupByTwitter" time="0.0">
    <ignored/>
  </testcase> <!-- signupByTwitter -->
  <testcase classname="day44.SignUpTests" name="signupByfacebook" time="0.0">
    <ignored/>
  </testcase> <!-- signupByfacebook -->
</testsuite> <!-- groupingtests -->
